12:41:01 **** Build of configuration SIMOUT for project ARosMiBase ****
make all 
'Building file: ../src/main.cpp'
'Invoking: Cross G++ Compiler'
x86_64-linux-gnu-g++ -O0 -g3 -Wall -c -fmessage-length=0 -MMD -MP -MF"src/main.d" -MT"src/main.o" -o "src/main.o" "../src/main.cpp"
'Finished building: ../src/main.cpp'
' '
'Building file: ../src/peripherals.cpp'
'Invoking: Cross G++ Compiler'
x86_64-linux-gnu-g++ -O0 -g3 -Wall -c -fmessage-length=0 -MMD -MP -MF"src/peripherals.d" -MT"src/peripherals.o" -o "src/peripherals.o" "../src/peripherals.cpp"
'Finished building: ../src/peripherals.cpp'
' '
'Building file: ../src/utilities.cpp'
'Invoking: Cross G++ Compiler'
x86_64-linux-gnu-g++ -O0 -g3 -Wall -c -fmessage-length=0 -MMD -MP -MF"src/utilities.d" -MT"src/utilities.o" -o "src/utilities.o" "../src/utilities.cpp"
'Finished building: ../src/utilities.cpp'
' '
'Building target: ARosMiBase'
'Invoking: Cross G++ Linker'
x86_64-linux-gnu-g++  -o "ARosMiBase"  ./src/main.o ./src/peripherals.o ./src/utilities.o   -lpthread
'Finished building target: ARosMiBase'
' '
12:43:51 **** Incremental Build of configuration SIMOUT for project ARosMiBase ****
make all 
make: Nothing to be done for `all'.
12:52:13 **** Incremental Build of configuration SIMOUT for project ARosMiBase ****
make all 
make: Nothing to be done for `all'.
12:52:24 **** Incremental Build of configuration SIMOUT for project ARosMiBase ****
make all 
'Building file: ../src/main.cpp'
'Invoking: Cross G++ Compiler'
x86_64-linux-gnu-g++ -O0 -g3 -Wall -c -fmessage-length=0 -MMD -MP -MF"src/main.d" -MT"src/main.o" -o "src/main.o" "../src/main.cpp"
'Finished building: ../src/main.cpp'
' '
'Building target: ARosMiBase'
'Invoking: Cross G++ Linker'
x86_64-linux-gnu-g++  -o "ARosMiBase"  ./src/main.o ./src/peripherals.o ./src/utilities.o   -lpthread
'Finished building target: ARosMiBase'
' '
